<?xml version="1.0" encoding="UTF-8"?>
<!-- Generated by org.testng.reporters.JUnitReportReporter -->
<testsuite hostname="mounika" failures="0" tests="2" name="NEW.Class1Test" time="0.012" errors="0" timestamp="2024-04-20T12:26:09 IST" skipped="0">
  <testcase classname="NEW.Class1Test" name="method1" time="0.011"/>
  <system-out/>
  <testcase classname="NEW.Class1Test" name="method2" time="0.001"/>
  <system-out/>
</testsuite> <!-- NEW.Class1Test -->
